{
  "stats": {
    "suites": 1,
    "tests": 11,
    "passes": 11,
    "pending": 0,
    "failures": 0,
    "start": "2022-09-07T15:30:00.850Z",
    "end": "2022-09-07T15:30:33.155Z",
    "duration": 32305,
    "testsRegistered": 11,
    "passPercent": 100,
    "pendingPercent": 0,
    "other": 0,
    "hasOther": false,
    "skipped": 0,
    "hasSkipped": false
  },
  "results": [
    {
      "uuid": "68b7f117-c31e-408e-a6e0-817688d9abb5",
      "title": "",
      "fullFile": "cypress\\e2e\\asersiones.cy.js",
      "file": "cypress\\e2e\\asersiones.cy.js",
      "beforeHooks": [],
      "afterHooks": [],
      "tests": [],
      "suites": [
        {
          "uuid": "56a2cf46-cf15-4561-b9d6-bb2896b7ad88",
          "title": "Asersiones",
          "fullFile": "",
          "file": "",
          "beforeHooks": [],
          "afterHooks": [],
          "tests": [
            {
              "title": "Validar el titulo waits utilizando should",
              "fullTitle": "Asersiones Validar el titulo waits utilizando should",
              "timedOut": null,
              "duration": 6738,
              "state": "passed",
              "speed": "medium",
              "pass": true,
              "fail": false,
              "pending": false,
              "context": null,
              "code": "cy.get(\"#title\").should(\"have.text\", titulo);",
              "err": {},
              "uuid": "a8cf3db5-826a-4625-8c3c-25c80ce2f289",
              "parentUUID": "56a2cf46-cf15-4561-b9d6-bb2896b7ad88",
              "isHook": false,
              "skipped": false
            },
            {
              "title": "Validar el titulo waits utilizando expect",
              "fullTitle": "Asersiones Validar el titulo waits utilizando expect",
              "timedOut": null,
              "duration": 2580,
              "state": "passed",
              "speed": "fast",
              "pass": true,
              "fail": false,
              "pending": false,
              "context": null,
              "code": "cy.get(\"#title\").invoke(\"text\").then(texto => {\n  expect(texto).is.equal(titulo);\n});",
              "err": {},
              "uuid": "21490c9f-a4f0-4b9d-bd25-8d99d652bc72",
              "parentUUID": "56a2cf46-cf15-4561-b9d6-bb2896b7ad88",
              "isHook": false,
              "skipped": false
            },
            {
              "title": "Validar el titulo waits utilizando assert",
              "fullTitle": "Asersiones Validar el titulo waits utilizando assert",
              "timedOut": null,
              "duration": 3095,
              "state": "passed",
              "speed": "fast",
              "pass": true,
              "fail": false,
              "pending": false,
              "context": null,
              "code": "cy.get(\"#title\").invoke(\"text\").then(texto => {\n  assert.equal(texto, titulo);\n});",
              "err": {},
              "uuid": "d8602425-6259-4912-9475-7808b6a47164",
              "parentUUID": "56a2cf46-cf15-4561-b9d6-bb2896b7ad88",
              "isHook": false,
              "skipped": false
            },
            {
              "title": "Valida la cantidad de elementos cuyo id es title",
              "fullTitle": "Asersiones Valida la cantidad de elementos cuyo id es title",
              "timedOut": null,
              "duration": 2400,
              "state": "passed",
              "speed": "fast",
              "pass": true,
              "fail": false,
              "pending": false,
              "context": null,
              "code": "cy.get(\"#title\").should(\"have.length\", \"1\"); //have.length:cantidad de elementos cuyo id=title",
              "err": {},
              "uuid": "eb9f5f66-4742-4c37-a917-b03ebc81a922",
              "parentUUID": "56a2cf46-cf15-4561-b9d6-bb2896b7ad88",
              "isHook": false,
              "skipped": false
            },
            {
              "title": "Valida la cantidad de caracteres que tiene el titulo",
              "fullTitle": "Asersiones Valida la cantidad de caracteres que tiene el titulo",
              "timedOut": null,
              "duration": 2266,
              "state": "passed",
              "speed": "fast",
              "pass": true,
              "fail": false,
              "pending": false,
              "context": null,
              "code": "cy.get(\"#title\").invoke(\"text\").should(\"have.length\", \"5\");",
              "err": {},
              "uuid": "00e525cf-ffeb-4447-a2b9-836e7c96c6ec",
              "parentUUID": "56a2cf46-cf15-4561-b9d6-bb2896b7ad88",
              "isHook": false,
              "skipped": false
            },
            {
              "title": "Valida la cantidad de caracteres que tiene el titulo utilizando expect",
              "fullTitle": "Asersiones Valida la cantidad de caracteres que tiene el titulo utilizando expect",
              "timedOut": null,
              "duration": 2594,
              "state": "passed",
              "speed": "fast",
              "pass": true,
              "fail": false,
              "pending": false,
              "context": null,
              "code": "cy.get(\"#title\").invoke(\"text\").then(texto => {\n  expect(texto).to.have.length(5, \"La cantidad de caracteres es invalida\");\n});",
              "err": {},
              "uuid": "06da7391-2e3f-40b3-af95-096cb2c9c169",
              "parentUUID": "56a2cf46-cf15-4561-b9d6-bb2896b7ad88",
              "isHook": false,
              "skipped": false
            },
            {
              "title": "Valida la cantidad de caracteres que tiene el titulo utilizando assert",
              "fullTitle": "Asersiones Valida la cantidad de caracteres que tiene el titulo utilizando assert",
              "timedOut": null,
              "duration": 2172,
              "state": "passed",
              "speed": "fast",
              "pass": true,
              "fail": false,
              "pending": false,
              "context": null,
              "code": "cy.get(\"#title\").invoke(\"text\").then(texto => {\n  assert.lengthOf(texto, 5);\n});",
              "err": {},
              "uuid": "4434ce23-b983-44dc-b737-b49333900796",
              "parentUUID": "56a2cf46-cf15-4561-b9d6-bb2896b7ad88",
              "isHook": false,
              "skipped": false
            },
            {
              "title": "Validando utilizando mas de una asersiones",
              "fullTitle": "Asersiones Validando utilizando mas de una asersiones",
              "timedOut": null,
              "duration": 2442,
              "state": "passed",
              "speed": "fast",
              "pass": true,
              "fail": false,
              "pending": false,
              "context": null,
              "code": "cy.get(\"#title\").should(\"be.visible\").and(\"have.text\", titulo);",
              "err": {},
              "uuid": "821f046c-f8c4-4cf1-8164-95e51a518287",
              "parentUUID": "56a2cf46-cf15-4561-b9d6-bb2896b7ad88",
              "isHook": false,
              "skipped": false
            },
            {
              "title": "Validando que el boton tenga atributo nombre valor wait",
              "fullTitle": "Asersiones Validando que el boton tenga atributo nombre valor wait",
              "timedOut": null,
              "duration": 2747,
              "state": "passed",
              "speed": "fast",
              "pass": true,
              "fail": false,
              "pending": false,
              "context": null,
              "code": "cy.get(\"#wait\").invoke(\"attr\", \"name\").should(\"equal\", \"wait\");",
              "err": {},
              "uuid": "d6de0988-c9d0-45bc-89c1-ba1cbe3a21c5",
              "parentUUID": "56a2cf46-cf15-4561-b9d6-bb2896b7ad88",
              "isHook": false,
              "skipped": false
            },
            {
              "title": "Validando que el boton tenga atributo nombre valor wait",
              "fullTitle": "Asersiones Validando que el boton tenga atributo nombre valor wait",
              "timedOut": null,
              "duration": 2160,
              "state": "passed",
              "speed": "fast",
              "pass": true,
              "fail": false,
              "pending": false,
              "context": null,
              "code": "cy.get(\"#wait\").invoke(\"attr\", \"name\").then(name => {\n  expect(name).equal(\"wait\");\n});",
              "err": {},
              "uuid": "39bf4bb9-764b-40e4-9924-ea95e7df2f9f",
              "parentUUID": "56a2cf46-cf15-4561-b9d6-bb2896b7ad88",
              "isHook": false,
              "skipped": false
            },
            {
              "title": "Validando que el boton tenga atributo nombre valor wait sin usar invoke",
              "fullTitle": "Asersiones Validando que el boton tenga atributo nombre valor wait sin usar invoke",
              "timedOut": null,
              "duration": 2571,
              "state": "passed",
              "speed": "fast",
              "pass": true,
              "fail": false,
              "pending": false,
              "context": null,
              "code": "cy.get(\"#wait\").should(\"have.attr\", \"name\", \"wait\");",
              "err": {},
              "uuid": "395b2296-2d70-4599-8129-856aa329bc2a",
              "parentUUID": "56a2cf46-cf15-4561-b9d6-bb2896b7ad88",
              "isHook": false,
              "skipped": false
            }
          ],
          "suites": [],
          "passes": [
            "a8cf3db5-826a-4625-8c3c-25c80ce2f289",
            "21490c9f-a4f0-4b9d-bd25-8d99d652bc72",
            "d8602425-6259-4912-9475-7808b6a47164",
            "eb9f5f66-4742-4c37-a917-b03ebc81a922",
            "00e525cf-ffeb-4447-a2b9-836e7c96c6ec",
            "06da7391-2e3f-40b3-af95-096cb2c9c169",
            "4434ce23-b983-44dc-b737-b49333900796",
            "821f046c-f8c4-4cf1-8164-95e51a518287",
            "d6de0988-c9d0-45bc-89c1-ba1cbe3a21c5",
            "39bf4bb9-764b-40e4-9924-ea95e7df2f9f",
            "395b2296-2d70-4599-8129-856aa329bc2a"
          ],
          "failures": [],
          "pending": [],
          "skipped": [],
          "duration": 31765,
          "root": false,
          "rootEmpty": false,
          "_timeout": 2000
        }
      ],
      "passes": [],
      "failures": [],
      "pending": [],
      "skipped": [],
      "duration": 0,
      "root": true,
      "rootEmpty": true,
      "_timeout": 2000
    }
  ],
  "meta": {
    "mocha": {
      "version": "7.0.1"
    },
    "mochawesome": {
      "options": {
        "quiet": false,
        "reportFilename": "mochawesome",
        "saveHtml": true,
        "saveJson": true,
        "consoleReporter": "spec",
        "useInlineDiffs": false,
        "code": true
      },
      "version": "7.1.3"
    },
    "marge": {
      "options": {
        "reportDir": "cypress/results",
        "overwrite": false,
        "html": true,
        "json": true
      },
      "version": "6.2.0"
    }
  }
}